<?xml version="1.0" encoding="UTF-8"?>
<testsuite name="com.loopa.core.model.MidiNoteTest" tests="7" skipped="0" failures="0" errors="0" timestamp="2026-03-07T21:18:24" hostname="cursor" time="0.017">
  <properties/>
  <testcase name="convert events to notes()" classname="com.loopa.core.model.MidiNoteTest" time="0.007"/>
  <testcase name="duration clamped to minimum()" classname="com.loopa.core.model.MidiNoteTest" time="0.0"/>
  <testcase name="velocity clamped to 1-127()" classname="com.loopa.core.model.MidiNoteTest" time="0.0"/>
  <testcase name="toEvents round trip()" classname="com.loopa.core.model.MidiNoteTest" time="0.001"/>
  <testcase name="note name for middle C()" classname="com.loopa.core.model.MidiNoteTest" time="0.003"/>
  <testcase name="startBeat clamped to 0()" classname="com.loopa.core.model.MidiNoteTest" time="0.001"/>
  <testcase name="endBeat is startBeat plus duration()" classname="com.loopa.core.model.MidiNoteTest" time="0.001"/>
  <system-out><![CDATA[]]></system-out>
  <system-err><![CDATA[]]></system-err>
</testsuite>
