<?xml version="1.0" encoding="UTF-8"?>
<testsuite name="com.loopa.audio.AudioExporterTest" tests="6" skipped="0" failures="0" errors="0" timestamp="2026-03-07T21:26:38" hostname="cursor" time="0.034">
  <properties/>
  <testcase name="initial state is IDLE()" classname="com.loopa.audio.AudioExporterTest" time="0.009"/>
  <testcase name="export filters out vocal tracks()" classname="com.loopa.audio.AudioExporterTest" time="0.018"/>
  <testcase name="export with no audible tracks returns error()" classname="com.loopa.audio.AudioExporterTest" time="0.001"/>
  <testcase name="export respects solo state()" classname="com.loopa.audio.AudioExporterTest" time="0.002"/>
  <testcase name="reset clears state()" classname="com.loopa.audio.AudioExporterTest" time="0.001"/>
  <testcase name="export with audible tracks succeeds()" classname="com.loopa.audio.AudioExporterTest" time="0.0"/>
  <system-out><![CDATA[]]></system-out>
  <system-err><![CDATA[]]></system-err>
</testsuite>
